[debug] [2025-06-26T16:18:42.063Z] ----------------------------------------------------------------------
[debug] [2025-06-26T16:18:42.065Z] Command:       C:\Program Files\nodejs\node.exe C:\Users\sairi\AppData\Roaming\npm\node_modules\firebase-tools\lib\bin\firebase.js init
[debug] [2025-06-26T16:18:42.065Z] CLI Version:   14.8.0
[debug] [2025-06-26T16:18:42.065Z] Platform:      win32
[debug] [2025-06-26T16:18:42.066Z] Node Version:  v20.12.2
[debug] [2025-06-26T16:18:42.066Z] Time:          Thu Jun 26 2025 21:48:42 GMT+0530 (India Standard Time)
[debug] [2025-06-26T16:18:42.066Z] ----------------------------------------------------------------------
[debug] 
[debug] [2025-06-26T16:18:42.205Z] > command requires scopes: ["email","openid","https://www.googleapis.com/auth/cloudplatformprojects.readonly","https://www.googleapis.com/auth/firebase","https://www.googleapis.com/auth/cloud-platform"]
[debug] [2025-06-26T16:18:42.206Z] > authorizing via signed-in user (sunnysairithwik@gmail.com)
[info] 
     ######## #### ########  ######## ########     ###     ######  ########
     ##        ##  ##     ## ##       ##     ##  ##   ##  ##       ##
     ######    ##  ########  ######   ########  #########  ######  ######
     ##        ##  ##    ##  ##       ##     ## ##     ##       ## ##
     ##       #### ##     ## ######## ########  ##     ##  ######  ########

You're about to initialize a Firebase project in this directory:

  C:\Users\sairi

Before we get started, keep in mind:

  * You are initializing within an existing Firebase project directory

[debug] [2025-06-26T16:22:21.823Z] ----------------------------------------------------------------------
[debug] [2025-06-26T16:22:21.825Z] Command:       C:\Program Files\nodejs\node.exe C:\Users\sairi\AppData\Roaming\npm\node_modules\firebase-tools\lib\bin\firebase.js init
[debug] [2025-06-26T16:22:21.825Z] CLI Version:   14.8.0
[debug] [2025-06-26T16:22:21.825Z] Platform:      win32
[debug] [2025-06-26T16:22:21.825Z] Node Version:  v20.12.2
[debug] [2025-06-26T16:22:21.825Z] Time:          Thu Jun 26 2025 21:52:21 GMT+0530 (India Standard Time)
[debug] [2025-06-26T16:22:21.825Z] ----------------------------------------------------------------------
[debug] 
[debug] [2025-06-26T16:22:21.964Z] > command requires scopes: ["email","openid","https://www.googleapis.com/auth/cloudplatformprojects.readonly","https://www.googleapis.com/auth/firebase","https://www.googleapis.com/auth/cloud-platform"]
[debug] [2025-06-26T16:22:21.965Z] > authorizing via signed-in user (sunnysairithwik@gmail.com)
[info] 
     ######## #### ########  ######## ########     ###     ######  ########
     ##        ##  ##     ## ##       ##     ##  ##   ##  ##       ##
     ######    ##  ########  ######   ########  #########  ######  ######
     ##        ##  ##    ##  ##       ##     ## ##     ##       ## ##
     ##       #### ##     ## ######## ########  ##     ##  ######  ########

You're about to initialize a Firebase project in this directory:

  C:\Users\sairi

Before we get started, keep in mind:

  * You are initializing within an existing Firebase project directory

[debug] [2025-06-26T16:25:53.475Z] ----------------------------------------------------------------------
[debug] [2025-06-26T16:25:53.477Z] Command:       C:\Program Files\nodejs\node.exe C:\Users\sairi\AppData\Roaming\npm\node_modules\firebase-tools\lib\bin\firebase.js init
[debug] [2025-06-26T16:25:53.477Z] CLI Version:   14.8.0
[debug] [2025-06-26T16:25:53.477Z] Platform:      win32
[debug] [2025-06-26T16:25:53.477Z] Node Version:  v20.12.2
[debug] [2025-06-26T16:25:53.477Z] Time:          Thu Jun 26 2025 21:55:53 GMT+0530 (India Standard Time)
[debug] [2025-06-26T16:25:53.477Z] ----------------------------------------------------------------------
[debug] 
[debug] [2025-06-26T16:25:53.623Z] > command requires scopes: ["email","openid","https://www.googleapis.com/auth/cloudplatformprojects.readonly","https://www.googleapis.com/auth/firebase","https://www.googleapis.com/auth/cloud-platform"]
[debug] [2025-06-26T16:25:53.624Z] > authorizing via signed-in user (sunnysairithwik@gmail.com)
[info] 
     ######## #### ########  ######## ########     ###     ######  ########
     ##        ##  ##     ## ##       ##     ##  ##   ##  ##       ##
     ######    ##  ########  ######   ########  #########  ######  ######
     ##        ##  ##    ##  ##       ##     ## ##     ##       ## ##
     ##       #### ##     ## ######## ########  ##     ##  ######  ########

You're about to initialize a Firebase project in this directory:

  C:\Users\sairi

Before we get started, keep in mind:

  * You are initializing within an existing Firebase project directory

